<?xml version="1.0" encoding="UTF-8"?>
<testsuite name="readinglist.ReadinglistApplicationTests" time="0" tests="1" errors="0" skipped="1" failures="0">
  <properties>
[...]
</properties>
  <testcase name="contextLoads" classname="readinglist.ReadinglistApplicationTests" time="0">
    <skipped/>
    <system-out><![CDATA[21:50:30.363 [main] DEBUG org.springframework.test.context.junit4.SpringJUnit4ClassRunner - SpringJUnit4ClassRunner constructor called with [class readinglist.ReadinglistApplicationTests]
21:50:30.378 [main] DEBUG org.springframework.test.context.BootstrapUtils - Instantiating CacheAwareContextLoaderDelegate from class [org.springframework.test.context.cache.DefaultCacheAwareContextLoaderDelegate]
21:50:30.394 [main] DEBUG org.springframework.test.context.BootstrapUtils - Instantiating BootstrapContext using constructor [public org.springframework.test.context.support.DefaultBootstrapContext(java.lang.Class,org.springframework.test.context.CacheAwareContextLoaderDelegate)]
21:50:30.410 [main] DEBUG org.springframework.test.context.BootstrapUtils - Instantiating TestContextBootstrapper for test class [readinglist.ReadinglistApplicationTests] from class [org.springframework.boot.test.context.SpringBootTestContextBootstrapper]
21:50:30.457 [main] INFO org.springframework.boot.test.context.SpringBootTestContextBootstrapper - Neither @ContextConfiguration nor @ContextHierarchy found for test class [readinglist.ReadinglistApplicationTests], using SpringBootContextLoader
21:50:30.457 [main] DEBUG org.springframework.test.context.support.AbstractContextLoader - Did not detect default resource location for test class [readinglist.ReadinglistApplicationTests]: class path resource [readinglist/ReadinglistApplicationTests-context.xml] does not exist
21:50:30.457 [main] DEBUG org.springframework.test.context.support.AbstractContextLoader - Did not detect default resource location for test class [readinglist.ReadinglistApplicationTests]: class path resource [readinglist/ReadinglistApplicationTestsContext.groovy] does not exist
21:50:30.457 [main] INFO org.springframework.test.context.support.AbstractContextLoader - Could not detect default resource locations for test class [readinglist.ReadinglistApplicationTests]: no resource found for suffixes {-context.xml, Context.groovy}.
21:50:30.535 [main] DEBUG org.springframework.test.context.support.ActiveProfilesUtils - Could not find an 'annotation declaring class' for annotation type [org.springframework.test.context.ActiveProfiles] and class [readinglist.ReadinglistApplicationTests]
21:50:30.595 [main] DEBUG org.springframework.boot.test.context.SpringBootTestContextBootstrapper - @TestExecutionListeners is not present for class [readinglist.ReadinglistApplicationTests]: using defaults.
21:50:30.595 [main] INFO org.springframework.boot.test.context.SpringBootTestContextBootstrapper - Loaded default TestExecutionListener class names from location [META-INF/spring.factories]: [org.springframework.boot.test.mock.mockito.MockitoTestExecutionListener, org.springframework.boot.test.mock.mockito.ResetMocksTestExecutionListener, org.springframework.boot.test.autoconfigure.restdocs.RestDocsTestExecutionListener, org.springframework.boot.test.autoconfigure.web.client.MockRestServiceServerResetTestExecutionListener, org.springframework.boot.test.autoconfigure.web.servlet.MockMvcPrintOnlyOnFailureTestExecutionListener, org.springframework.boot.test.autoconfigure.web.servlet.WebDriverTestExecutionListener, org.springframework.test.context.web.ServletTestExecutionListener, org.springframework.test.context.support.DirtiesContextBeforeModesTestExecutionListener, org.springframework.test.context.support.DependencyInjectionTestExecutionListener, org.springframework.test.context.support.DirtiesContextTestExecutionListener, org.springframework.test.context.transaction.TransactionalTestExecutionListener, org.springframework.test.context.jdbc.SqlScriptsTestExecutionListener]
21:50:30.658 [main] INFO org.springframework.boot.test.context.SpringBootTestContextBootstrapper - Using TestExecutionListeners: [org.springframework.test.context.web.ServletTestExecutionListener@68ceda24, org.springframework.test.context.support.DirtiesContextBeforeModesTestExecutionListener@281e3708, org.springframework.boot.test.autoconfigure.SpringBootDependencyInjectionTestExecutionListener@35a50a4c, org.springframework.test.context.support.DirtiesContextTestExecutionListener@1f021e6c, org.springframework.test.context.transaction.TransactionalTestExecutionListener@103f852, org.springframework.test.context.jdbc.SqlScriptsTestExecutionListener@587c290d, org.springframework.boot.test.autoconfigure.web.client.MockRestServiceServerResetTestExecutionListener@4516af24, org.springframework.boot.test.mock.mockito.MockitoTestExecutionListener@4ae82894, org.springframework.boot.test.autoconfigure.restdocs.RestDocsTestExecutionListener@543788f3, org.springframework.boot.test.autoconfigure.web.servlet.WebDriverTestExecutionListener@6d3af739, org.springframework.boot.test.autoconfigure.web.servlet.MockMvcPrintOnlyOnFailureTestExecutionListener@1da51a35, org.springframework.boot.test.mock.mockito.ResetMocksTestExecutionListener@16022d9d]
21:50:30.673 [main] DEBUG org.springframework.test.annotation.ProfileValueUtils - Retrieved @ProfileValueSourceConfiguration [null] for test class [readinglist.ReadinglistApplicationTests]
21:50:30.673 [main] DEBUG org.springframework.test.annotation.ProfileValueUtils - Retrieved ProfileValueSource type [class org.springframework.test.annotation.SystemProfileValueSource] for class [readinglist.ReadinglistApplicationTests]
21:50:30.673 [main] DEBUG org.springframework.test.context.junit4.SpringJUnit4ClassRunner - SpringJUnit4ClassRunner constructor called with [class readinglist.ReadinglistApplicationTests]
21:50:30.673 [main] DEBUG org.springframework.test.context.BootstrapUtils - Instantiating CacheAwareContextLoaderDelegate from class [org.springframework.test.context.cache.DefaultCacheAwareContextLoaderDelegate]
21:50:30.673 [main] DEBUG org.springframework.test.context.BootstrapUtils - Instantiating BootstrapContext using constructor [public org.springframework.test.context.support.DefaultBootstrapContext(java.lang.Class,org.springframework.test.context.CacheAwareContextLoaderDelegate)]
21:50:30.673 [main] DEBUG org.springframework.test.context.BootstrapUtils - Instantiating TestContextBootstrapper for test class [readinglist.ReadinglistApplicationTests] from class [org.springframework.boot.test.context.SpringBootTestContextBootstrapper]
21:50:30.673 [main] INFO org.springframework.boot.test.context.SpringBootTestContextBootstrapper - Neither @ContextConfiguration nor @ContextHierarchy found for test class [readinglist.ReadinglistApplicationTests], using SpringBootContextLoader
21:50:30.673 [main] DEBUG org.springframework.test.context.support.AbstractContextLoader - Did not detect default resource location for test class [readinglist.ReadinglistApplicationTests]: class path resource [readinglist/ReadinglistApplicationTests-context.xml] does not exist
21:50:30.673 [main] DEBUG org.springframework.test.context.support.AbstractContextLoader - Did not detect default resource location for test class [readinglist.ReadinglistApplicationTests]: class path resource [readinglist/ReadinglistApplicationTestsContext.groovy] does not exist
21:50:30.673 [main] INFO org.springframework.test.context.support.AbstractContextLoader - Could not detect default resource locations for test class [readinglist.ReadinglistApplicationTests]: no resource found for suffixes {-context.xml, Context.groovy}.
21:50:30.689 [main] DEBUG org.springframework.test.context.support.ActiveProfilesUtils - Could not find an 'annotation declaring class' for annotation type [org.springframework.test.context.ActiveProfiles] and class [readinglist.ReadinglistApplicationTests]
21:50:30.689 [main] DEBUG org.springframework.boot.test.context.SpringBootTestContextBootstrapper - @TestExecutionListeners is not present for class [readinglist.ReadinglistApplicationTests]: using defaults.
21:50:30.705 [main] INFO org.springframework.boot.test.context.SpringBootTestContextBootstrapper - Loaded default TestExecutionListener class names from location [META-INF/spring.factories]: [org.springframework.boot.test.mock.mockito.MockitoTestExecutionListener, org.springframework.boot.test.mock.mockito.ResetMocksTestExecutionListener, org.springframework.boot.test.autoconfigure.restdocs.RestDocsTestExecutionListener, org.springframework.boot.test.autoconfigure.web.client.MockRestServiceServerResetTestExecutionListener, org.springframework.boot.test.autoconfigure.web.servlet.MockMvcPrintOnlyOnFailureTestExecutionListener, org.springframework.boot.test.autoconfigure.web.servlet.WebDriverTestExecutionListener, org.springframework.test.context.web.ServletTestExecutionListener, org.springframework.test.context.support.DirtiesContextBeforeModesTestExecutionListener, org.springframework.test.context.support.DependencyInjectionTestExecutionListener, org.springframework.test.context.support.DirtiesContextTestExecutionListener, org.springframework.test.context.transaction.TransactionalTestExecutionListener, org.springframework.test.context.jdbc.SqlScriptsTestExecutionListener]
21:50:30.720 [main] INFO org.springframework.boot.test.context.SpringBootTestContextBootstrapper - Using TestExecutionListeners: [org.springframework.test.context.web.ServletTestExecutionListener@290dbf45, org.springframework.test.context.support.DirtiesContextBeforeModesTestExecutionListener@12028586, org.springframework.boot.test.autoconfigure.SpringBootDependencyInjectionTestExecutionListener@17776a8, org.springframework.test.context.support.DirtiesContextTestExecutionListener@69a10787, org.springframework.test.context.transaction.TransactionalTestExecutionListener@2d127a61, org.springframework.test.context.jdbc.SqlScriptsTestExecutionListener@2bbaf4f0, org.springframework.boot.test.autoconfigure.web.client.MockRestServiceServerResetTestExecutionListener@11c20519, org.springframework.boot.test.mock.mockito.MockitoTestExecutionListener@70beb599, org.springframework.boot.test.autoconfigure.restdocs.RestDocsTestExecutionListener@4e41089d, org.springframework.boot.test.autoconfigure.web.servlet.WebDriverTestExecutionListener@32a068d1, org.springframework.boot.test.autoconfigure.web.servlet.MockMvcPrintOnlyOnFailureTestExecutionListener@33cb5951, org.springframework.boot.test.mock.mockito.ResetMocksTestExecutionListener@365c30cc]
21:50:30.720 [main] DEBUG org.springframework.test.annotation.ProfileValueUtils - Retrieved @ProfileValueSourceConfiguration [null] for test class [readinglist.ReadinglistApplicationTests]
21:50:30.720 [main] DEBUG org.springframework.test.annotation.ProfileValueUtils - Retrieved ProfileValueSource type [class org.springframework.test.annotation.SystemProfileValueSource] for class [readinglist.ReadinglistApplicationTests]
21:50:30.720 [main] DEBUG org.springframework.test.annotation.ProfileValueUtils - Retrieved @ProfileValueSourceConfiguration [null] for test class [readinglist.ReadinglistApplicationTests]
21:50:30.720 [main] DEBUG org.springframework.test.annotation.ProfileValueUtils - Retrieved ProfileValueSource type [class org.springframework.test.annotation.SystemProfileValueSource] for class [readinglist.ReadinglistApplicationTests]
]]></system-out>
  </testcase>
</testsuite>