<?xml version="1.0" encoding="UTF-8" ?>
<testsuite tests="1" failures="0" name="com.juvenxu.mvnbook.account.persist.AccountPersistServiceTest" time="1.506" errors="1" skipped="0">
  <properties>
[...]
</properties>
  <testcase classname="com.juvenxu.mvnbook.account.persist.AccountPersistServiceTest" name="testReadAccount" time="1.506">
    <error type="java.lang.NullPointerException">java.lang.NullPointerException
	at com.juvenxu.mvnbook.account.persist.AccountPersistServiceImpl.createAccount(AccountPersistServiceImpl.java:42)
	at com.juvenxu.mvnbook.account.persist.AccountPersistServiceTest.prepare(AccountPersistServiceTest.java:31)
	at sun.reflect.NativeMethodAccessorImpl.invoke0(Native Method)
	at sun.reflect.NativeMethodAccessorImpl.invoke(NativeMethodAccessorImpl.java:62)
	at sun.reflect.DelegatingMethodAccessorImpl.invoke(DelegatingMethodAccessorImpl.java:43)
	at java.lang.reflect.Method.invoke(Method.java:498)
	at org.junit.runners.model.FrameworkMethod$1.runReflectiveCall(FrameworkMethod.java:44)
	at org.junit.internal.runners.model.ReflectiveCallable.run(ReflectiveCallable.java:15)
	at org.junit.runners.model.FrameworkMethod.invokeExplosively(FrameworkMethod.java:41)
	at org.junit.internal.runners.statements.RunBefores.evaluate(RunBefores.java:27)
	at org.junit.runners.BlockJUnit4ClassRunner.runChild(BlockJUnit4ClassRunner.java:76)
	at org.junit.runners.BlockJUnit4ClassRunner.runChild(BlockJUnit4ClassRunner.java:50)
	at org.junit.runners.ParentRunner$3.run(ParentRunner.java:193)
	at org.junit.runners.ParentRunner$1.schedule(ParentRunner.java:52)
	at org.junit.runners.ParentRunner.runChildren(ParentRunner.java:191)
	at org.junit.runners.ParentRunner.access$000(ParentRunner.java:42)
	at org.junit.runners.ParentRunner$2.evaluate(ParentRunner.java:184)
	at org.junit.runners.ParentRunner.run(ParentRunner.java:236)
	at org.apache.maven.surefire.junit4.JUnit4Provider.execute(JUnit4Provider.java:252)
	at org.apache.maven.surefire.junit4.JUnit4Provider.executeTestSet(JUnit4Provider.java:141)
	at org.apache.maven.surefire.junit4.JUnit4Provider.invoke(JUnit4Provider.java:112)
	at sun.reflect.NativeMethodAccessorImpl.invoke0(Native Method)
	at sun.reflect.NativeMethodAccessorImpl.invoke(NativeMethodAccessorImpl.java:62)
	at sun.reflect.DelegatingMethodAccessorImpl.invoke(DelegatingMethodAccessorImpl.java:43)
	at java.lang.reflect.Method.invoke(Method.java:498)
	at org.apache.maven.surefire.util.ReflectionUtils.invokeMethodWithArray(ReflectionUtils.java:189)
	at org.apache.maven.surefire.booter.ProviderFactory$ProviderProxy.invoke(ProviderFactory.java:165)
	at org.apache.maven.surefire.booter.ProviderFactory.invokeProvider(ProviderFactory.java:85)
	at org.apache.maven.surefire.booter.ForkedBooter.runSuitesInProcess(ForkedBooter.java:115)
	at org.apache.maven.surefire.booter.ForkedBooter.main(ForkedBooter.java:75)
</error>
    <system-out>==================/home/laimaosheng/StudyInAction/Maven3InAction/chapter12/account-parent/account-persist/pom.xml
</system-out>
    <system-err>八月 30, 2018 4:36:07 下午 org.springframework.context.support.AbstractApplicationContext prepareRefresh
信息: Refreshing org.springframework.context.support.ClassPathXmlApplicationContext@6d1e7682: display name [org.springframework.context.support.ClassPathXmlApplicationContext@6d1e7682]; startup date [Thu Aug 30 16:36:07 CST 2018]; root of context hierarchy
八月 30, 2018 4:36:07 下午 org.springframework.beans.factory.xml.XmlBeanDefinitionReader loadBeanDefinitions
信息: Loading XML bean definitions from class path resource [account-persist.xml]
八月 30, 2018 4:36:07 下午 org.springframework.context.support.AbstractApplicationContext obtainFreshBeanFactory
信息: Bean factory for application context [org.springframework.context.support.ClassPathXmlApplicationContext@6d1e7682]: org.springframework.beans.factory.support.DefaultListableBeanFactory@3b81a1bc
八月 30, 2018 4:36:08 下午 org.springframework.core.io.support.PropertiesLoaderSupport loadProperties
信息: Loading properties file from class path resource [account-service.properties]
八月 30, 2018 4:36:08 下午 org.springframework.beans.factory.support.DefaultListableBeanFactory preInstantiateSingletons
信息: Pre-instantiating singletons in org.springframework.beans.factory.support.DefaultListableBeanFactory@3b81a1bc: defining beans [propertyConfigurer,accountPersistService]; root of factory hierarchy
</system-err>
  </testcase>
</testsuite>